build/app/intermediates/manifest_merge_blame_file/debug/manifest-merger-blame-debug-report.txt
1<?xml version="1.0" encoding="utf-8"?>
2<manifest xmlns:android="http://schemas.android.com/apk/res/android"
3    package="com.glartek.flutter_unity_example"
4    android:versionCode="1"
5    android:versionName="1.0" >
6
7    <uses-sdk
8        android:minSdkVersion="21"
9        android:targetSdkVersion="28" />
10    <!--
11         Flutter needs it to communicate with the running application
12         to allow setting breakpoints, to provide hot reload, etc.
13    -->
14    <uses-permission android:name="android.permission.INTERNET" />
14-->src/debug/AndroidManifest.xml:6:5-66
14-->src/debug/AndroidManifest.xml:6:22-64
15    <!--
16     io.flutter.app.FlutterApplication is an android.app.Application that
17         calls FlutterMain.startInitialization(this); in its onCreate method.
18         In most cases you can leave this as-is, but you if you want to provide
19         additional functionality it is fine to subclass or reimplement
20         FlutterApplication and put your custom class here.
21    -->
22    <uses-permission android:name="android.permission.WAKE_LOCK" />
22-->src/main/AndroidManifest.xml:8:5-67
22-->src/main/AndroidManifest.xml:8:22-65
23
24    <uses-feature android:glEsVersion="0x00030000" />
24-->[:unityExport] AndroidManifest.xml:13:5-54
24-->[:unityExport] AndroidManifest.xml:13:19-51
25    <uses-feature
25-->[:unityExport] AndroidManifest.xml:14:5-16:36
26        android:name="android.hardware.touchscreen"
26-->[:unityExport] AndroidManifest.xml:15:9-52
27        android:required="false" />
27-->[:unityExport] AndroidManifest.xml:16:9-33
28    <uses-feature
28-->[:unityExport] AndroidManifest.xml:17:5-19:36
29        android:name="android.hardware.touchscreen.multitouch"
29-->[:unityExport] AndroidManifest.xml:18:9-63
30        android:required="false" />
30-->[:unityExport] AndroidManifest.xml:19:9-33
31    <uses-feature
31-->[:unityExport] AndroidManifest.xml:20:5-22:36
32        android:name="android.hardware.touchscreen.multitouch.distinct"
32-->[:unityExport] AndroidManifest.xml:21:9-72
33        android:required="false" />
33-->[:unityExport] AndroidManifest.xml:22:9-33
34
35    <application
35-->src/main/AndroidManifest.xml:9:5-30:19
36        android:name="io.flutter.app.FlutterApplication"
36-->src/main/AndroidManifest.xml:10:9-57
37        android:appComponentFactory="androidx.core.app.CoreComponentFactory"
37-->[androidx.core:core:1.1.0] AndroidManifest.xml:24:18-86
38        android:debuggable="true"
39        android:icon="@mipmap/ic_launcher"
39-->src/main/AndroidManifest.xml:12:9-43
40        android:label="flutter_unity_example" >
40-->src/main/AndroidManifest.xml:11:9-46
41        <activity
41-->src/main/AndroidManifest.xml:13:9-24:20
42            android:name="com.glartek.flutter_unity_example.MainActivity"
42-->src/main/AndroidManifest.xml:14:13-41
43            android:configChanges="orientation|keyboardHidden|keyboard|screenSize|smallestScreenSize|locale|layoutDirection|fontScale|screenLayout|density|uiMode"
43-->src/main/AndroidManifest.xml:17:13-163
44            android:hardwareAccelerated="true"
44-->src/main/AndroidManifest.xml:18:13-47
45            android:launchMode="singleTop"
45-->src/main/AndroidManifest.xml:15:13-43
46            android:theme="@style/LaunchTheme"
46-->src/main/AndroidManifest.xml:16:13-47
47            android:windowSoftInputMode="adjustResize" >
47-->src/main/AndroidManifest.xml:19:13-55
48            <intent-filter>
48-->src/main/AndroidManifest.xml:20:13-23:29
49                <action android:name="android.intent.action.MAIN" />
49-->src/main/AndroidManifest.xml:21:17-68
49-->src/main/AndroidManifest.xml:21:25-66
50
51                <category android:name="android.intent.category.LAUNCHER" />
51-->src/main/AndroidManifest.xml:22:17-76
51-->src/main/AndroidManifest.xml:22:27-74
52            </intent-filter>
53        </activity>
54        <!--
55             Don't delete the meta-data below.
56             This is used by the Flutter tool to generate GeneratedPluginRegistrant.java
57        -->
58        <meta-data
58-->src/main/AndroidManifest.xml:27:9-29:33
59            android:name="flutterEmbedding"
59-->src/main/AndroidManifest.xml:28:13-44
60            android:value="2" />
60-->src/main/AndroidManifest.xml:29:13-30
61        <meta-data
61-->[:unityExport] AndroidManifest.xml:25:9-27:33
62            android:name="unity.splash-mode"
62-->[:unityExport] AndroidManifest.xml:26:13-45
63            android:value="0" />
63-->[:unityExport] AndroidManifest.xml:27:13-30
64        <meta-data
64-->[:unityExport] AndroidManifest.xml:28:9-30:36
65            android:name="unity.splash-enable"
65-->[:unityExport] AndroidManifest.xml:29:13-47
66            android:value="True" />
66-->[:unityExport] AndroidManifest.xml:30:13-33
67        <meta-data
67-->[:unityExport] AndroidManifest.xml:31:9-33:50
68            android:name="notch.config"
68-->[:unityExport] AndroidManifest.xml:32:13-40
69            android:value="portrait|landscape" />
69-->[:unityExport] AndroidManifest.xml:33:13-47
70        <meta-data
70-->[:unityExport] AndroidManifest.xml:34:9-36:68
71            android:name="unity.build-id"
71-->[:unityExport] AndroidManifest.xml:35:13-42
72            android:value="92a0b4b0-75ae-4223-b4ef-d26c4f9c615e" />
72-->[:unityExport] AndroidManifest.xml:36:13-65
73    </application>
74
75</manifest>